Using pre-set license
Built from '2020.2/release' branch; Version is '2020.2.1f1 (270dd8c3da1c) revision 2559448'; Using compiler version '192528614'; Build Type 'Release'
OS: 'Windows 10  (10.0.0) 64bit' Language: 'en' Physical Memory: 8030 MB
BatchMode: 1, IsHumanControllingUs: 0, StartBugReporterOnCrash: 0, Is64bit: 1, IsPro: 0

 COMMAND LINE ARGUMENTS:
C:\Program Files\Unity\Hub\Editor\2020.2.1f1\Editor\Unity.exe
-adb2
-batchMode
-noUpm
-name
AssetImportWorker0
-projectPath
C:/Users/techn/Desktop/Design/260/Flappy Bird LWest
-logFile
Logs/AssetImportWorker0.log
-srvPort
61105
Successfully changed project path to: C:/Users/techn/Desktop/Design/260/Flappy Bird LWest
C:/Users/techn/Desktop/Design/260/Flappy Bird LWest
Using Asset Import Pipeline V2.
Refreshing native plugins compatible for Editor in 18.06 ms, found 0 plugins.
Preloading 0 native plugins for Editor in 0.00 ms.
Initialize engine version: 2020.2.1f1 (270dd8c3da1c)
[Subsystems] Discovering subsystems at path C:/Program Files/Unity/Hub/Editor/2020.2.1f1/Editor/Data/Resources/UnitySubsystems
[Subsystems] Discovering subsystems at path C:/Users/techn/Desktop/Design/260/Flappy Bird LWest/Assets
GfxDevice: creating device client; threaded=0
Direct3D:
    Version:  Direct3D 11.0 [level 11.1]
    Renderer: NVIDIA GeForce GTX 1660 Ti (ID=0x2191)
    Vendor:   
    VRAM:     5991 MB
    Driver:   27.21.14.5763
Initialize mono
Mono path[0] = 'C:/Program Files/Unity/Hub/Editor/2020.2.1f1/Editor/Data/Managed'
Mono path[1] = 'C:/Program Files/Unity/Hub/Editor/2020.2.1f1/Editor/Data/MonoBleedingEdge/lib/mono/unityjit'
Mono config path = 'C:/Program Files/Unity/Hub/Editor/2020.2.1f1/Editor/Data/MonoBleedingEdge/etc'
Using monoOptions --debugger-agent=transport=dt_socket,embedding=1,server=y,suspend=n,address=127.0.0.1:56740
Begin MonoManager ReloadAssembly
Registering precompiled unity dll's ...
Register platform support module: C:/Program Files/Unity/Hub/Editor/2020.2.1f1/Editor/Data/PlaybackEngines/WindowsStandaloneSupport/UnityEditor.WindowsStandalone.Extensions.dll
Registered in 0.001387 seconds.
Native extension for WindowsStandalone target not found
Refreshing native plugins compatible for Editor in 18.44 ms, found 0 plugins.
Preloading 0 native plugins for Editor in 0.00 ms.
Invoked RoslynAnalysisRunner static constructor.
RoslynAnalysisRunner will not be running.
RoslynAnalysisRunner has terminated.
Mono: successfully reloaded assembly
- Completed reload, in  0.870 seconds
Platform modules already initialized, skipping
Registering precompiled user dll's ...
Registered in 0.000532 seconds.
Begin MonoManager ReloadAssembly
Native extension for WindowsStandalone target not found
Refreshing native plugins compatible for Editor in 0.17 ms, found 0 plugins.
Preloading 0 native plugins for Editor in 0.00 ms.
Invoked RoslynAnalysisRunner static constructor.
RoslynAnalysisRunner will not be running.
RoslynAnalysisRunner has terminated.
Mono: successfully reloaded assembly
- Completed reload, in  0.650 seconds
Platform modules already initialized, skipping
========================================================================
Worker process is ready to serve import requests
Launched and connected shader compiler UnityShaderCompiler.exe after 0.04 seconds
Refreshing native plugins compatible for Editor in 0.19 ms, found 0 plugins.
Preloading 0 native plugins for Editor in 0.00 ms.
Unloading 1094 Unused Serialized files (Serialized files now loaded: 0)
System memory in use before: 55.9 MB.
System memory in use after: 55.9 MB.

Unloading 10 unused Assets to reduce memory usage. Loaded Objects now: 1533.
Total: 1.913800 ms (FindLiveObjects: 0.151100 ms CreateObjectMapping: 0.054200 ms MarkObjects: 1.641200 ms  DeleteObjects: 0.066600 ms)

========================================================================
Received Import Request.
  path: Assets/Sprites/BirdHero.png
  artifactKey: Guid(86ef0f8364b944543b7fe5a906ec28ae) Importer(815301076,1909f56bfc062723c751e8b465ee728b)
Start importing Assets/Sprites/BirdHero.png using Guid(86ef0f8364b944543b7fe5a906ec28ae) Importer(815301076,1909f56bfc062723c751e8b465ee728b)  -> (artifact id: '5b8bbd5281838df228d378627006e0c4') in 0.063981 seconds
  Import took 0.065572 seconds .

========================================================================
Received Import Request.
  Time since last request: 0.000344 seconds.
  path: Assets/Sprites/ColumnSprite.png
  artifactKey: Guid(2a983bf9bccb65f46b66863f25147d0e) Importer(815301076,1909f56bfc062723c751e8b465ee728b)
Start importing Assets/Sprites/ColumnSprite.png using Guid(2a983bf9bccb65f46b66863f25147d0e) Importer(815301076,1909f56bfc062723c751e8b465ee728b)  -> (artifact id: '81b2bcf9130a5feafb26f55430b0ef1b') in 0.006619 seconds
  Import took 0.008788 seconds .

========================================================================
Received Import Request.
  Time since last request: 0.000328 seconds.
  path: Assets/Sprites/GrassThinSprite.png
  artifactKey: Guid(3aca1545a04fd3c4e84968ae38280b25) Importer(815301076,1909f56bfc062723c751e8b465ee728b)
Start importing Assets/Sprites/GrassThinSprite.png using Guid(3aca1545a04fd3c4e84968ae38280b25) Importer(815301076,1909f56bfc062723c751e8b465ee728b)  -> (artifact id: 'c94e6744cfd5a11c7428d91f2dc9b9cd') in 0.009051 seconds
  Import took 0.010906 seconds .

========================================================================
Received Import Request.
  Time since last request: 0.000245 seconds.
  path: Assets/Sprites/SkyTileSprite.png
  artifactKey: Guid(76bb6968fbe820d4499d455ca3ed0875) Importer(815301076,1909f56bfc062723c751e8b465ee728b)
Start importing Assets/Sprites/SkyTileSprite.png using Guid(76bb6968fbe820d4499d455ca3ed0875) Importer(815301076,1909f56bfc062723c751e8b465ee728b)  -> (artifact id: 'a1d3217e8f05d6fbd23ad66f156694e4') in 0.007129 seconds
  Import took 0.008758 seconds .

========================================================================
Received Import Request.
  Time since last request: 0.000275 seconds.
  path: Assets/Sprites
  artifactKey: Guid(f4e9d50d6692c434db1fc4d4d3ef7725) Importer(815301076,1909f56bfc062723c751e8b465ee728b)
Start importing Assets/Sprites using Guid(f4e9d50d6692c434db1fc4d4d3ef7725) Importer(815301076,1909f56bfc062723c751e8b465ee728b)  -> (artifact id: '9f7512140769ca1a2161e582f45cd8e7') in 0.002324 seconds
  Import took 0.003793 seconds .

========================================================================
Received Import Request.
  Time since last request: 108.322257 seconds.
  path: Assets/Sprites/BirdHero.png
  artifactKey: Guid(86ef0f8364b944543b7fe5a906ec28ae) Importer(815301076,1909f56bfc062723c751e8b465ee728b)
Start importing Assets/Sprites/BirdHero.png using Guid(86ef0f8364b944543b7fe5a906ec28ae) Importer(815301076,1909f56bfc062723c751e8b465ee728b)  -> (artifact id: '840d61d0070d8683d50247583060c0a3') in 0.007053 seconds
  Import took 0.010338 seconds .

========================================================================
Received Import Request.
  Time since last request: 7.966840 seconds.
  path: Assets/Sprites/ColumnSprite.png
  artifactKey: Guid(2a983bf9bccb65f46b66863f25147d0e) Importer(815301076,1909f56bfc062723c751e8b465ee728b)
Start importing Assets/Sprites/ColumnSprite.png using Guid(2a983bf9bccb65f46b66863f25147d0e) Importer(815301076,1909f56bfc062723c751e8b465ee728b)  -> (artifact id: '7eb4a4d64c5a2a285efc682851f2f789') in 0.040077 seconds
  Import took 0.041836 seconds .

========================================================================
Received Import Request.
  Time since last request: 5.795671 seconds.
  path: Assets/Sprites/GrassThinSprite.png
  artifactKey: Guid(3aca1545a04fd3c4e84968ae38280b25) Importer(815301076,1909f56bfc062723c751e8b465ee728b)
Start importing Assets/Sprites/GrassThinSprite.png using Guid(3aca1545a04fd3c4e84968ae38280b25) Importer(815301076,1909f56bfc062723c751e8b465ee728b)  -> (artifact id: '2949c43a49be7df2a06b3b50a643f25e') in 0.008570 seconds
  Import took 0.010765 seconds .

========================================================================
Received Import Request.
  Time since last request: 7.369266 seconds.
  path: Assets/Sprites/SkyTileSprite.png
  artifactKey: Guid(76bb6968fbe820d4499d455ca3ed0875) Importer(815301076,1909f56bfc062723c751e8b465ee728b)
Start importing Assets/Sprites/SkyTileSprite.png using Guid(76bb6968fbe820d4499d455ca3ed0875) Importer(815301076,1909f56bfc062723c751e8b465ee728b)  -> (artifact id: '5fde4d372f4654ab5fd7dfa225849aa7') in 0.009585 seconds
  Import took 0.011648 seconds .

========================================================================
Received Prepare
Registering precompiled user dll's ...
Registered in 0.000542 seconds.
Begin MonoManager ReloadAssembly
Native extension for WindowsStandalone target not found
Refreshing native plugins compatible for Editor in 0.18 ms, found 0 plugins.
Preloading 0 native plugins for Editor in 0.00 ms.
Invoked RoslynAnalysisRunner static constructor.
RoslynAnalysisRunner will not be running.
RoslynAnalysisRunner has terminated.
Mono: successfully reloaded assembly
- Completed reload, in  0.669 seconds
Platform modules already initialized, skipping
Refreshing native plugins compatible for Editor in 0.17 ms, found 0 plugins.
Preloading 0 native plugins for Editor in 0.00 ms.
Unloading 1123 Unused Serialized files (Serialized files now loaded: 0)
System memory in use before: 60.0 MB.
System memory in use after: 60.1 MB.

Unloading 5 unused Assets to reduce memory usage. Loaded Objects now: 1580.
Total: 1.347500 ms (FindLiveObjects: 0.110500 ms CreateObjectMapping: 0.029200 ms MarkObjects: 1.137600 ms  DeleteObjects: 0.069400 ms)

========================================================================
Received Import Request.
  Time since last request: 258.372801 seconds.
  path: Assets/Sprites/BirdHero.png
  artifactKey: Guid(86ef0f8364b944543b7fe5a906ec28ae) Importer(815301076,1909f56bfc062723c751e8b465ee728b)
Start importing Assets/Sprites/BirdHero.png using Guid(86ef0f8364b944543b7fe5a906ec28ae) Importer(815301076,1909f56bfc062723c751e8b465ee728b)  -> (artifact id: '5e3887f64db0d2119917f538cb09e59d') in 0.050061 seconds
  Import took 0.052380 seconds .

========================================================================
Received Import Request.
  Time since last request: 270.736111 seconds.
  path: ProjectSettings/TagManager.asset
  artifactKey: Guid(00000000000000003000000000000000) Importer(815301076,1909f56bfc062723c751e8b465ee728b)
Start importing ProjectSettings/TagManager.asset using Guid(00000000000000003000000000000000) Importer(815301076,1909f56bfc062723c751e8b465ee728b)  -> (artifact id: '8988b340c206bb1d98ca0d47b0266d3b') in 0.005197 seconds
  Import took 0.007337 seconds .

========================================================================
Received Import Request.
  Time since last request: 0.002028 seconds.
  path: ProjectSettings/TagManager.asset
  artifactKey: Guid(00000000000000003000000000000000) Importer(815301076,1909f56bfc062723c751e8b465ee728b)
Start importing ProjectSettings/TagManager.asset using Guid(00000000000000003000000000000000) Importer(815301076,1909f56bfc062723c751e8b465ee728b)  -> (artifact id: '8988b340c206bb1d98ca0d47b0266d3b') in 0.002541 seconds
  Import took 0.004253 seconds .

========================================================================
Received Prepare
Registering precompiled user dll's ...
Registered in 0.000480 seconds.
Begin MonoManager ReloadAssembly
Native extension for WindowsStandalone target not found
Refreshing native plugins compatible for Editor in 0.19 ms, found 0 plugins.
Preloading 0 native plugins for Editor in 0.00 ms.
Invoked RoslynAnalysisRunner static constructor.
RoslynAnalysisRunner will not be running.
RoslynAnalysisRunner has terminated.
Mono: successfully reloaded assembly
- Completed reload, in  0.632 seconds
Platform modules already initialized, skipping
Refreshing native plugins compatible for Editor in 0.17 ms, found 0 plugins.
Preloading 0 native plugins for Editor in 0.00 ms.
Unloading 1124 Unused Serialized files (Serialized files now loaded: 0)
System memory in use before: 60.2 MB.
System memory in use after: 60.2 MB.

Unloading 7 unused Assets to reduce memory usage. Loaded Objects now: 1588.
Total: 1.314200 ms (FindLiveObjects: 0.125000 ms CreateObjectMapping: 0.030100 ms MarkObjects: 1.124200 ms  DeleteObjects: 0.034100 ms)

========================================================================
Received Import Request.
  Time since last request: 462.769973 seconds.
  path: Assets
  artifactKey: Guid(00000000000000001000000000000000) Importer(815301076,1909f56bfc062723c751e8b465ee728b)
Start importing Assets using Guid(00000000000000001000000000000000) Importer(815301076,1909f56bfc062723c751e8b465ee728b)  -> (artifact id: 'e1a2c4dac9df7c17871e19a3b74f0e9f') in 0.004632 seconds
  Import took 0.006587 seconds .

========================================================================
Received Import Request.
  Time since last request: 0.000384 seconds.
  path: Assets
  artifactKey: Guid(00000000000000001000000000000000) Importer(815301076,1909f56bfc062723c751e8b465ee728b)
Start importing Assets using Guid(00000000000000001000000000000000) Importer(815301076,1909f56bfc062723c751e8b465ee728b)  -> (artifact id: 'e1a2c4dac9df7c17871e19a3b74f0e9f') in 0.002131 seconds
  Import took 0.003757 seconds .

========================================================================
Received Import Request.
  Time since last request: 5.561502 seconds.
  path: Assets/Scripts
  artifactKey: Guid(d0b8672fdffabd04dabcf2e74e11533a) Importer(815301076,1909f56bfc062723c751e8b465ee728b)
Start importing Assets/Scripts using Guid(d0b8672fdffabd04dabcf2e74e11533a) Importer(815301076,1909f56bfc062723c751e8b465ee728b)  -> (artifact id: '2839cb0bea2de9c81affbef22d6b1a66') in 0.002856 seconds
  Import took 0.004562 seconds .

========================================================================
Received Import Request.
  Time since last request: 0.000684 seconds.
  path: Assets/Scripts
  artifactKey: Guid(d0b8672fdffabd04dabcf2e74e11533a) Importer(815301076,1909f56bfc062723c751e8b465ee728b)
Start importing Assets/Scripts using Guid(d0b8672fdffabd04dabcf2e74e11533a) Importer(815301076,1909f56bfc062723c751e8b465ee728b)  -> (artifact id: '2839cb0bea2de9c81affbef22d6b1a66') in 0.002290 seconds
  Import took 0.003981 seconds .

========================================================================
Received Import Request.
  Time since last request: 51.380696 seconds.
  path: Assets/Scripts/Bird.cs
  artifactKey: Guid(26309a2b749308345949e25ed5630061) Importer(815301076,1909f56bfc062723c751e8b465ee728b)
Start importing Assets/Scripts/Bird.cs using Guid(26309a2b749308345949e25ed5630061) Importer(815301076,1909f56bfc062723c751e8b465ee728b)  -> (artifact id: '3675b7832d4f3a5a7586d732108c2a21') in 0.005934 seconds
  Import took 0.007818 seconds .

========================================================================
Received Import Request.
  Time since last request: 0.000420 seconds.
  path: Assets/Scripts/Bird.cs
  artifactKey: Guid(26309a2b749308345949e25ed5630061) Importer(815301076,1909f56bfc062723c751e8b465ee728b)
Start importing Assets/Scripts/Bird.cs using Guid(26309a2b749308345949e25ed5630061) Importer(815301076,1909f56bfc062723c751e8b465ee728b)  -> (artifact id: '3675b7832d4f3a5a7586d732108c2a21') in 0.002270 seconds
  Import took 0.003824 seconds .

========================================================================
Received Import Request.
  Time since last request: 5068.409093 seconds.
  path: Assets/Scripts/Bird.cs
  artifactKey: Guid(26309a2b749308345949e25ed5630061) Importer(815301076,1909f56bfc062723c751e8b465ee728b)
Start importing Assets/Scripts/Bird.cs using Guid(26309a2b749308345949e25ed5630061) Importer(815301076,1909f56bfc062723c751e8b465ee728b)  -> (artifact id: '3787aaf11cb4afb206c5a232353fba1b') in 0.002292 seconds
  Import took 0.004283 seconds .

========================================================================
Received Import Request.
  Time since last request: 0.000532 seconds.
  path: Assets/Scripts/Bird.cs
  artifactKey: Guid(26309a2b749308345949e25ed5630061) Importer(815301076,1909f56bfc062723c751e8b465ee728b)
Start importing Assets/Scripts/Bird.cs using Guid(26309a2b749308345949e25ed5630061) Importer(815301076,1909f56bfc062723c751e8b465ee728b)  -> (artifact id: '3787aaf11cb4afb206c5a232353fba1b') in 0.003037 seconds
  Import took 0.004908 seconds .

========================================================================
Received Import Request.
  Time since last request: 381.772635 seconds.
  path: Assets/Animation/Bird.controller
  artifactKey: Guid(5d0361e7a68a72b4e88f7bac23c19f65) Importer(815301076,1909f56bfc062723c751e8b465ee728b)
Start importing Assets/Animation/Bird.controller using Guid(5d0361e7a68a72b4e88f7bac23c19f65) Importer(815301076,1909f56bfc062723c751e8b465ee728b)  -> (artifact id: 'd599527adb5b79f699ff28986e6d4941') in 0.018030 seconds
  Import took 0.020044 seconds .

========================================================================
Received Import Request.
  Time since last request: 397.296097 seconds.
  path: Assets/Fonts/LuckiestGuy.ttf
  artifactKey: Guid(0368c924ce5b7b34bbd2b02d1cfa6098) Importer(815301076,1909f56bfc062723c751e8b465ee728b)
Start importing Assets/Fonts/LuckiestGuy.ttf using Guid(0368c924ce5b7b34bbd2b02d1cfa6098) Importer(815301076,1909f56bfc062723c751e8b465ee728b)  -> (artifact id: 'b4e2ccd476a7305317a84dd133a6fe85') in 0.075958 seconds
  Import took 0.078173 seconds .

========================================================================
Received Import Request.
  Time since last request: 0.006714 seconds.
  path: Assets/Fonts/LuckiestGuy.ttf
  artifactKey: Guid(0368c924ce5b7b34bbd2b02d1cfa6098) Importer(815301076,1909f56bfc062723c751e8b465ee728b)
Start importing Assets/Fonts/LuckiestGuy.ttf using Guid(0368c924ce5b7b34bbd2b02d1cfa6098) Importer(815301076,1909f56bfc062723c751e8b465ee728b)  -> (artifact id: 'b4e2ccd476a7305317a84dd133a6fe85') in 0.010471 seconds
  Import took 0.012352 seconds .

========================================================================
Received Import Request.
  Time since last request: 440.998989 seconds.
  path: Assets/Scripts/GameControl.cs
  artifactKey: Guid(1fbdb61b72345a24f918e212cad8a5ad) Importer(815301076,1909f56bfc062723c751e8b465ee728b)
Start importing Assets/Scripts/GameControl.cs using Guid(1fbdb61b72345a24f918e212cad8a5ad) Importer(815301076,1909f56bfc062723c751e8b465ee728b)  -> (artifact id: '4a3a2f25fa7fe0dcc9cc0cc9fb4da538') in 0.003325 seconds
  Import took 0.013017 seconds .

========================================================================
Received Prepare
Registering precompiled user dll's ...
Registered in 0.000543 seconds.
Begin MonoManager ReloadAssembly
Native extension for WindowsStandalone target not found
Refreshing native plugins compatible for Editor in 0.20 ms, found 0 plugins.
Preloading 0 native plugins for Editor in 0.00 ms.
Invoked RoslynAnalysisRunner static constructor.
RoslynAnalysisRunner will not be running.
RoslynAnalysisRunner has terminated.
Mono: successfully reloaded assembly
- Completed reload, in  0.632 seconds
Platform modules already initialized, skipping
Refreshing native plugins compatible for Editor in 0.17 ms, found 0 plugins.
Preloading 0 native plugins for Editor in 0.00 ms.
Unloading 1125 Unused Serialized files (Serialized files now loaded: 0)
System memory in use before: 60.7 MB.
System memory in use after: 60.8 MB.

Unloading 5 unused Assets to reduce memory usage. Loaded Objects now: 1633.
Total: 1.635100 ms (FindLiveObjects: 0.185600 ms CreateObjectMapping: 0.035400 ms MarkObjects: 1.340800 ms  DeleteObjects: 0.072600 ms)

========================================================================
Received Prepare
Registering precompiled user dll's ...
Registered in 0.000512 seconds.
Begin MonoManager ReloadAssembly
Native extension for WindowsStandalone target not found
Refreshing native plugins compatible for Editor in 0.18 ms, found 0 plugins.
Preloading 0 native plugins for Editor in 0.00 ms.
Invoked RoslynAnalysisRunner static constructor.
RoslynAnalysisRunner will not be running.
RoslynAnalysisRunner has terminated.
Mono: successfully reloaded assembly
- Completed reload, in  0.597 seconds
Platform modules already initialized, skipping
Refreshing native plugins compatible for Editor in 0.18 ms, found 0 plugins.
Preloading 0 native plugins for Editor in 0.00 ms.
Unloading 1125 Unused Serialized files (Serialized files now loaded: 0)
System memory in use before: 60.8 MB.
System memory in use after: 60.8 MB.

Unloading 5 unused Assets to reduce memory usage. Loaded Objects now: 1635.
Total: 1.752300 ms (FindLiveObjects: 0.182500 ms CreateObjectMapping: 0.034700 ms MarkObjects: 1.500600 ms  DeleteObjects: 0.033700 ms)

========================================================================
Received Import Request.
  Time since last request: 501.014875 seconds.
  path: Assets/Animation
  artifactKey: Guid(c2ba3e64a981a9c49a16ae1f596b99b3) Importer(815301076,1909f56bfc062723c751e8b465ee728b)
Start importing Assets/Animation using Guid(c2ba3e64a981a9c49a16ae1f596b99b3) Importer(815301076,1909f56bfc062723c751e8b465ee728b)  -> (artifact id: '1e0762911bdfb92a4eeabdc2f852647e') in 0.004272 seconds
  Import took 0.005959 seconds .

========================================================================
Received Import Request.
  Time since last request: 16.714395 seconds.
  path: Assets/Animation/die.anim
  artifactKey: Guid(d969a55d3f87e0241ba50632f904ed9f) Importer(815301076,1909f56bfc062723c751e8b465ee728b)
Start importing Assets/Animation/die.anim using Guid(d969a55d3f87e0241ba50632f904ed9f) Importer(815301076,1909f56bfc062723c751e8b465ee728b)  -> (artifact id: '0a43dc2c74125faa0ed413fe304fed64') in 0.011461 seconds
  Import took 0.013440 seconds .

========================================================================
Received Import Request.
  Time since last request: 2.287291 seconds.
  path: Assets/Animation/Bird.controller
  artifactKey: Guid(5d0361e7a68a72b4e88f7bac23c19f65) Importer(815301076,1909f56bfc062723c751e8b465ee728b)
Start importing Assets/Animation/Bird.controller using Guid(5d0361e7a68a72b4e88f7bac23c19f65) Importer(815301076,1909f56bfc062723c751e8b465ee728b)  -> (artifact id: 'e1eb71cce360cd40fa962d4ab2c9826f') in 0.013194 seconds
  Import took 0.014973 seconds .

========================================================================
Received Import Request.
  Time since last request: 156.286940 seconds.
  path: Assets/Animation/flap.anim
  artifactKey: Guid(5481dfd53ed0e8048a1fd51a47fa3d43) Importer(815301076,1909f56bfc062723c751e8b465ee728b)
Start importing Assets/Animation/flap.anim using Guid(5481dfd53ed0e8048a1fd51a47fa3d43) Importer(815301076,1909f56bfc062723c751e8b465ee728b)  -> (artifact id: '43e5fe0918300ab9f5f6c6d847a1d4d8') in 0.003266 seconds
  Import took 0.005296 seconds .

========================================================================
Received Import Request.
  Time since last request: 0.003492 seconds.
  path: Assets/Animation/flap.anim
  artifactKey: Guid(5481dfd53ed0e8048a1fd51a47fa3d43) Importer(815301076,1909f56bfc062723c751e8b465ee728b)
Start importing Assets/Animation/flap.anim using Guid(5481dfd53ed0e8048a1fd51a47fa3d43) Importer(815301076,1909f56bfc062723c751e8b465ee728b)  -> (artifact id: '43e5fe0918300ab9f5f6c6d847a1d4d8') in 0.002576 seconds
  Import took 0.004549 seconds .

========================================================================
Received Import Request.
  Time since last request: 0.884793 seconds.
  path: Assets/Animation/Idle.anim
  artifactKey: Guid(df675ef4d1998ca4f807cc5f0ea273ce) Importer(815301076,1909f56bfc062723c751e8b465ee728b)
Start importing Assets/Animation/Idle.anim using Guid(df675ef4d1998ca4f807cc5f0ea273ce) Importer(815301076,1909f56bfc062723c751e8b465ee728b)  -> (artifact id: 'e76c08012e01f98fd7a7c47401329500') in 0.003282 seconds
  Import took 0.005114 seconds .

========================================================================
Received Import Request.
  Time since last request: 0.003186 seconds.
  path: Assets/Animation/Idle.anim
  artifactKey: Guid(df675ef4d1998ca4f807cc5f0ea273ce) Importer(815301076,1909f56bfc062723c751e8b465ee728b)
Start importing Assets/Animation/Idle.anim using Guid(df675ef4d1998ca4f807cc5f0ea273ce) Importer(815301076,1909f56bfc062723c751e8b465ee728b)  -> (artifact id: 'e76c08012e01f98fd7a7c47401329500') in 0.002660 seconds
  Import took 0.004982 seconds .

========================================================================
Received Prepare
Registering precompiled user dll's ...
Registered in 0.000541 seconds.
Begin MonoManager ReloadAssembly
Native extension for WindowsStandalone target not found
Refreshing native plugins compatible for Editor in 0.18 ms, found 0 plugins.
Preloading 0 native plugins for Editor in 0.00 ms.
Invoked RoslynAnalysisRunner static constructor.
RoslynAnalysisRunner will not be running.
RoslynAnalysisRunner has terminated.
Mono: successfully reloaded assembly
- Completed reload, in  0.585 seconds
Platform modules already initialized, skipping
Refreshing native plugins compatible for Editor in 0.17 ms, found 0 plugins.
Preloading 0 native plugins for Editor in 0.00 ms.
Unloading 1125 Unused Serialized files (Serialized files now loaded: 0)
System memory in use before: 60.8 MB.
System memory in use after: 60.9 MB.

Unloading 5 unused Assets to reduce memory usage. Loaded Objects now: 1637.
Total: 1.614600 ms (FindLiveObjects: 0.226600 ms CreateObjectMapping: 0.035200 ms MarkObjects: 1.283700 ms  DeleteObjects: 0.068300 ms)

========================================================================
Received Prepare
Registering precompiled user dll's ...
Registered in 0.000491 seconds.
Begin MonoManager ReloadAssembly
Native extension for WindowsStandalone target not found
Refreshing native plugins compatible for Editor in 0.18 ms, found 0 plugins.
Preloading 0 native plugins for Editor in 0.00 ms.
Invoked RoslynAnalysisRunner static constructor.
RoslynAnalysisRunner will not be running.
RoslynAnalysisRunner has terminated.
Mono: successfully reloaded assembly
- Completed reload, in  0.603 seconds
Platform modules already initialized, skipping
Refreshing native plugins compatible for Editor in 0.17 ms, found 0 plugins.
Preloading 0 native plugins for Editor in 0.00 ms.
Unloading 1125 Unused Serialized files (Serialized files now loaded: 0)
System memory in use before: 60.9 MB.
System memory in use after: 61.0 MB.

Unloading 5 unused Assets to reduce memory usage. Loaded Objects now: 1639.
Total: 1.502600 ms (FindLiveObjects: 0.126700 ms CreateObjectMapping: 0.031300 ms MarkObjects: 1.315400 ms  DeleteObjects: 0.028300 ms)

========================================================================
Received Prepare
Registering precompiled user dll's ...
Registered in 0.000531 seconds.
Begin MonoManager ReloadAssembly
Native extension for WindowsStandalone target not found
Refreshing native plugins compatible for Editor in 0.18 ms, found 0 plugins.
Preloading 0 native plugins for Editor in 0.00 ms.
Invoked RoslynAnalysisRunner static constructor.
RoslynAnalysisRunner will not be running.
RoslynAnalysisRunner has terminated.
Mono: successfully reloaded assembly
- Completed reload, in  0.628 seconds
Platform modules already initialized, skipping
Refreshing native plugins compatible for Editor in 0.17 ms, found 0 plugins.
Preloading 0 native plugins for Editor in 0.00 ms.
Unloading 1126 Unused Serialized files (Serialized files now loaded: 0)
System memory in use before: 61.0 MB.
System memory in use after: 61.1 MB.

Unloading 5 unused Assets to reduce memory usage. Loaded Objects now: 1642.
Total: 1.402000 ms (FindLiveObjects: 0.135000 ms CreateObjectMapping: 0.030000 ms MarkObjects: 1.189800 ms  DeleteObjects: 0.046200 ms)

========================================================================
Received Prepare
Registering precompiled user dll's ...
Registered in 0.000557 seconds.
Begin MonoManager ReloadAssembly
Native extension for WindowsStandalone target not found
Refreshing native plugins compatible for Editor in 0.18 ms, found 0 plugins.
Preloading 0 native plugins for Editor in 0.00 ms.
Invoked RoslynAnalysisRunner static constructor.
RoslynAnalysisRunner will not be running.
RoslynAnalysisRunner has terminated.
Mono: successfully reloaded assembly
- Completed reload, in  0.609 seconds
Platform modules already initialized, skipping
Refreshing native plugins compatible for Editor in 0.19 ms, found 0 plugins.
Preloading 0 native plugins for Editor in 0.00 ms.
Unloading 1126 Unused Serialized files (Serialized files now loaded: 0)
System memory in use before: 61.1 MB.
System memory in use after: 61.2 MB.

Unloading 5 unused Assets to reduce memory usage. Loaded Objects now: 1644.
Total: 1.461100 ms (FindLiveObjects: 0.128600 ms CreateObjectMapping: 0.030800 ms MarkObjects: 1.240700 ms  DeleteObjects: 0.060200 ms)

========================================================================
Received Import Request.
  Time since last request: 179.923581 seconds.
  path: Assets/Scripts/ScrollingObject.cs
  artifactKey: Guid(a924bc5d98a8dee45823565d33e859ac) Importer(815301076,1909f56bfc062723c751e8b465ee728b)
Start importing Assets/Scripts/ScrollingObject.cs using Guid(a924bc5d98a8dee45823565d33e859ac) Importer(815301076,1909f56bfc062723c751e8b465ee728b)  -> (artifact id: '24902572388884f5d5f3ef549f0349e4') in 0.005087 seconds
  Import took 0.007768 seconds .

========================================================================
Received Prepare
Registering precompiled user dll's ...
Registered in 0.000712 seconds.
Begin MonoManager ReloadAssembly
Native extension for WindowsStandalone target not found
Refreshing native plugins compatible for Editor in 0.18 ms, found 0 plugins.
Preloading 0 native plugins for Editor in 0.00 ms.
Invoked RoslynAnalysisRunner static constructor.
RoslynAnalysisRunner will not be running.
RoslynAnalysisRunner has terminated.
Mono: successfully reloaded assembly
- Completed reload, in  0.608 seconds
Platform modules already initialized, skipping
Refreshing native plugins compatible for Editor in 0.18 ms, found 0 plugins.
Preloading 0 native plugins for Editor in 0.00 ms.
Unloading 1126 Unused Serialized files (Serialized files now loaded: 0)
System memory in use before: 61.2 MB.
System memory in use after: 61.2 MB.

Unloading 5 unused Assets to reduce memory usage. Loaded Objects now: 1646.
Total: 1.383300 ms (FindLiveObjects: 0.132700 ms CreateObjectMapping: 0.028800 ms MarkObjects: 1.152900 ms  DeleteObjects: 0.068000 ms)

========================================================================
Received Import Request.
  Time since last request: 309.175922 seconds.
  path: Assets/Scripts/GameControl.cs
  artifactKey: Guid(6ab59bff91e7c28489ffcda6a3947a7b) Importer(815301076,1909f56bfc062723c751e8b465ee728b)
Start importing Assets/Scripts/GameControl.cs using Guid(6ab59bff91e7c28489ffcda6a3947a7b) Importer(815301076,1909f56bfc062723c751e8b465ee728b)  -> (artifact id: 'cd97d912446ea406f56c7141f4c8c61e') in 0.003970 seconds
  Import took 0.013119 seconds .

========================================================================
Received Prepare
Registering precompiled user dll's ...
Registered in 0.000547 seconds.
Begin MonoManager ReloadAssembly
Native extension for WindowsStandalone target not found
Refreshing native plugins compatible for Editor in 0.26 ms, found 0 plugins.
Preloading 0 native plugins for Editor in 0.00 ms.
Invoked RoslynAnalysisRunner static constructor.
RoslynAnalysisRunner will not be running.
RoslynAnalysisRunner has terminated.
Mono: successfully reloaded assembly
- Completed reload, in  0.600 seconds
Platform modules already initialized, skipping
Refreshing native plugins compatible for Editor in 0.19 ms, found 0 plugins.
Preloading 0 native plugins for Editor in 0.00 ms.
Unloading 1126 Unused Serialized files (Serialized files now loaded: 0)
System memory in use before: 61.2 MB.
System memory in use after: 61.3 MB.

Unloading 5 unused Assets to reduce memory usage. Loaded Objects now: 1648.
Total: 1.475100 ms (FindLiveObjects: 0.127400 ms CreateObjectMapping: 0.027200 ms MarkObjects: 1.251000 ms  DeleteObjects: 0.068800 ms)

========================================================================
Received Prepare
Registering precompiled user dll's ...
Registered in 0.000522 seconds.
Begin MonoManager ReloadAssembly
Native extension for WindowsStandalone target not found
Refreshing native plugins compatible for Editor in 0.19 ms, found 0 plugins.
Preloading 0 native plugins for Editor in 0.00 ms.
Invoked RoslynAnalysisRunner static constructor.
RoslynAnalysisRunner will not be running.
RoslynAnalysisRunner has terminated.
Mono: successfully reloaded assembly
- Completed reload, in  0.605 seconds
Platform modules already initialized, skipping
Refreshing native plugins compatible for Editor in 0.18 ms, found 0 plugins.
Preloading 0 native plugins for Editor in 0.00 ms.
Unloading 1126 Unused Serialized files (Serialized files now loaded: 0)
System memory in use before: 61.3 MB.
System memory in use after: 61.4 MB.

Unloading 5 unused Assets to reduce memory usage. Loaded Objects now: 1650.
Total: 1.520100 ms (FindLiveObjects: 0.142800 ms CreateObjectMapping: 0.028000 ms MarkObjects: 1.279600 ms  DeleteObjects: 0.068400 ms)

========================================================================
Received Prepare
Registering precompiled user dll's ...
Registered in 0.000522 seconds.
Begin MonoManager ReloadAssembly
Native extension for WindowsStandalone target not found
Refreshing native plugins compatible for Editor in 0.18 ms, found 0 plugins.
Preloading 0 native plugins for Editor in 0.00 ms.
Invoked RoslynAnalysisRunner static constructor.
RoslynAnalysisRunner will not be running.
RoslynAnalysisRunner has terminated.
Mono: successfully reloaded assembly
- Completed reload, in  0.594 seconds
Platform modules already initialized, skipping
Refreshing native plugins compatible for Editor in 0.18 ms, found 0 plugins.
Preloading 0 native plugins for Editor in 0.00 ms.
Unloading 1126 Unused Serialized files (Serialized files now loaded: 0)
System memory in use before: 61.4 MB.
System memory in use after: 61.5 MB.

Unloading 5 unused Assets to reduce memory usage. Loaded Objects now: 1652.
Total: 1.572400 ms (FindLiveObjects: 0.133700 ms CreateObjectMapping: 0.037000 ms MarkObjects: 1.330400 ms  DeleteObjects: 0.070600 ms)

========================================================================
Received Prepare
Registering precompiled user dll's ...
Registered in 0.000616 seconds.
Begin MonoManager ReloadAssembly
Native extension for WindowsStandalone target not found
Refreshing native plugins compatible for Editor in 0.19 ms, found 0 plugins.
Preloading 0 native plugins for Editor in 0.00 ms.
Invoked RoslynAnalysisRunner static constructor.
RoslynAnalysisRunner will not be running.
RoslynAnalysisRunner has terminated.
Mono: successfully reloaded assembly
- Completed reload, in  0.620 seconds
Platform modules already initialized, skipping
Refreshing native plugins compatible for Editor in 0.20 ms, found 0 plugins.
Preloading 0 native plugins for Editor in 0.00 ms.
Unloading 1126 Unused Serialized files (Serialized files now loaded: 0)
System memory in use before: 61.5 MB.
System memory in use after: 61.5 MB.

Unloading 5 unused Assets to reduce memory usage. Loaded Objects now: 1654.
Total: 1.338500 ms (FindLiveObjects: 0.120700 ms CreateObjectMapping: 0.031500 ms MarkObjects: 1.153100 ms  DeleteObjects: 0.032400 ms)

========================================================================
Received Prepare
Registering precompiled user dll's ...
Registered in 0.000574 seconds.
Begin MonoManager ReloadAssembly
Native extension for WindowsStandalone target not found
Refreshing native plugins compatible for Editor in 0.18 ms, found 0 plugins.
Preloading 0 native plugins for Editor in 0.00 ms.
Invoked RoslynAnalysisRunner static constructor.
RoslynAnalysisRunner will not be running.
RoslynAnalysisRunner has terminated.
Mono: successfully reloaded assembly
- Completed reload, in  0.639 seconds
Platform modules already initialized, skipping
Refreshing native plugins compatible for Editor in 0.18 ms, found 0 plugins.
Preloading 0 native plugins for Editor in 0.00 ms.
Unloading 1127 Unused Serialized files (Serialized files now loaded: 0)
System memory in use before: 61.5 MB.
System memory in use after: 61.6 MB.

Unloading 5 unused Assets to reduce memory usage. Loaded Objects now: 1657.
Total: 1.465700 ms (FindLiveObjects: 0.168000 ms CreateObjectMapping: 0.045900 ms MarkObjects: 1.179500 ms  DeleteObjects: 0.050200 ms)

========================================================================
Received Prepare
Registering precompiled user dll's ...
Registered in 0.000580 seconds.
Begin MonoManager ReloadAssembly
Native extension for WindowsStandalone target not found
Refreshing native plugins compatible for Editor in 0.22 ms, found 0 plugins.
Preloading 0 native plugins for Editor in 0.00 ms.
Invoked RoslynAnalysisRunner static constructor.
RoslynAnalysisRunner will not be running.
RoslynAnalysisRunner has terminated.
Mono: successfully reloaded assembly
- Completed reload, in  0.644 seconds
Platform modules already initialized, skipping
Refreshing native plugins compatible for Editor in 0.18 ms, found 0 plugins.
Preloading 0 native plugins for Editor in 0.00 ms.
Unloading 1127 Unused Serialized files (Serialized files now loaded: 0)
System memory in use before: 61.6 MB.
System memory in use after: 61.7 MB.

Unloading 5 unused Assets to reduce memory usage. Loaded Objects now: 1659.
Total: 1.593700 ms (FindLiveObjects: 0.159000 ms CreateObjectMapping: 0.046600 ms MarkObjects: 1.348600 ms  DeleteObjects: 0.038700 ms)

========================================================================
Received Prepare
Registering precompiled user dll's ...
Registered in 0.000761 seconds.
Begin MonoManager ReloadAssembly
Native extension for WindowsStandalone target not found
Refreshing native plugins compatible for Editor in 0.19 ms, found 0 plugins.
Preloading 0 native plugins for Editor in 0.00 ms.
Invoked RoslynAnalysisRunner static constructor.
RoslynAnalysisRunner will not be running.
RoslynAnalysisRunner has terminated.
Mono: successfully reloaded assembly
- Completed reload, in  0.668 seconds
Platform modules already initialized, skipping
Refreshing native plugins compatible for Editor in 0.24 ms, found 0 plugins.
Preloading 0 native plugins for Editor in 0.00 ms.
Unloading 1127 Unused Serialized files (Serialized files now loaded: 0)
System memory in use before: 61.7 MB.
System memory in use after: 61.8 MB.

Unloading 5 unused Assets to reduce memory usage. Loaded Objects now: 1661.
Total: 1.564200 ms (FindLiveObjects: 0.151900 ms CreateObjectMapping: 0.044600 ms MarkObjects: 1.326800 ms  DeleteObjects: 0.039900 ms)

========================================================================
Received Prepare
Registering precompiled user dll's ...
Registered in 0.000490 seconds.
Begin MonoManager ReloadAssembly
Native extension for WindowsStandalone target not found
Refreshing native plugins compatible for Editor in 0.22 ms, found 0 plugins.
Preloading 0 native plugins for Editor in 0.00 ms.
Invoked RoslynAnalysisRunner static constructor.
RoslynAnalysisRunner will not be running.
RoslynAnalysisRunner has terminated.
Mono: successfully reloaded assembly
- Completed reload, in  0.620 seconds
Platform modules already initialized, skipping
Refreshing native plugins compatible for Editor in 0.18 ms, found 0 plugins.
Preloading 0 native plugins for Editor in 0.00 ms.
Unloading 1127 Unused Serialized files (Serialized files now loaded: 0)
System memory in use before: 61.8 MB.
System memory in use after: 61.8 MB.

Unloading 5 unused Assets to reduce memory usage. Loaded Objects now: 1663.
Total: 1.534600 ms (FindLiveObjects: 0.173300 ms CreateObjectMapping: 0.040300 ms MarkObjects: 1.285000 ms  DeleteObjects: 0.035200 ms)

========================================================================
Received Import Request.
  Time since last request: 906.118093 seconds.
  path: Assets/Animation/Flap.anim
  artifactKey: Guid(5481dfd53ed0e8048a1fd51a47fa3d43) Importer(815301076,1909f56bfc062723c751e8b465ee728b)
Start importing Assets/Animation/Flap.anim using Guid(5481dfd53ed0e8048a1fd51a47fa3d43) Importer(815301076,1909f56bfc062723c751e8b465ee728b)  -> (artifact id: '5a53b643cbca377d56b54800acef41a0') in 0.012144 seconds
  Import took 0.014186 seconds .

========================================================================
Received Import Request.
  Time since last request: 5.931525 seconds.
  path: Assets/Animation/Die.anim
  artifactKey: Guid(d969a55d3f87e0241ba50632f904ed9f) Importer(815301076,1909f56bfc062723c751e8b465ee728b)
Start importing Assets/Animation/Die.anim using Guid(d969a55d3f87e0241ba50632f904ed9f) Importer(815301076,1909f56bfc062723c751e8b465ee728b)  -> (artifact id: '3a6847a8f862d597411cc83f8b177379') in 0.003145 seconds
  Import took 0.005024 seconds .

========================================================================
Received Prepare
Registering precompiled user dll's ...
Registered in 0.000669 seconds.
Begin MonoManager ReloadAssembly
Native extension for WindowsStandalone target not found
Refreshing native plugins compatible for Editor in 0.18 ms, found 0 plugins.
Preloading 0 native plugins for Editor in 0.00 ms.
Invoked RoslynAnalysisRunner static constructor.
RoslynAnalysisRunner will not be running.
RoslynAnalysisRunner has terminated.
Mono: successfully reloaded assembly
- Completed reload, in  0.631 seconds
Platform modules already initialized, skipping
Refreshing native plugins compatible for Editor in 0.18 ms, found 0 plugins.
Preloading 0 native plugins for Editor in 0.00 ms.
Unloading 1127 Unused Serialized files (Serialized files now loaded: 0)
System memory in use before: 61.8 MB.
System memory in use after: 61.9 MB.

Unloading 5 unused Assets to reduce memory usage. Loaded Objects now: 1665.
Total: 1.258700 ms (FindLiveObjects: 0.132500 ms CreateObjectMapping: 0.032900 ms MarkObjects: 1.058800 ms  DeleteObjects: 0.033500 ms)

========================================================================
Received Prepare
Registering precompiled user dll's ...
Registered in 0.000542 seconds.
Begin MonoManager ReloadAssembly
Native extension for WindowsStandalone target not found
Refreshing native plugins compatible for Editor in 0.18 ms, found 0 plugins.
Preloading 0 native plugins for Editor in 0.00 ms.
Invoked RoslynAnalysisRunner static constructor.
RoslynAnalysisRunner will not be running.
RoslynAnalysisRunner has terminated.
Mono: successfully reloaded assembly
- Completed reload, in  0.643 seconds
Platform modules already initialized, skipping
Refreshing native plugins compatible for Editor in 0.19 ms, found 0 plugins.
Preloading 0 native plugins for Editor in 0.00 ms.
Unloading 1128 Unused Serialized files (Serialized files now loaded: 0)
System memory in use before: 61.9 MB.
System memory in use after: 62.0 MB.

Unloading 5 unused Assets to reduce memory usage. Loaded Objects now: 1668.
Total: 1.353200 ms (FindLiveObjects: 0.191100 ms CreateObjectMapping: 0.034100 ms MarkObjects: 1.094900 ms  DeleteObjects: 0.032400 ms)

========================================================================
Received Prepare
Registering precompiled user dll's ...
Registered in 0.000557 seconds.
Begin MonoManager ReloadAssembly
Native extension for WindowsStandalone target not found
Refreshing native plugins compatible for Editor in 0.18 ms, found 0 plugins.
Preloading 0 native plugins for Editor in 0.00 ms.
Invoked RoslynAnalysisRunner static constructor.
RoslynAnalysisRunner will not be running.
RoslynAnalysisRunner has terminated.
Mono: successfully reloaded assembly
- Completed reload, in  0.619 seconds
Platform modules already initialized, skipping
Refreshing native plugins compatible for Editor in 0.19 ms, found 0 plugins.
Preloading 0 native plugins for Editor in 0.00 ms.
Unloading 1128 Unused Serialized files (Serialized files now loaded: 0)
System memory in use before: 62.0 MB.
System memory in use after: 62.1 MB.

Unloading 5 unused Assets to reduce memory usage. Loaded Objects now: 1670.
Total: 1.338100 ms (FindLiveObjects: 0.138500 ms CreateObjectMapping: 0.037100 ms MarkObjects: 1.131100 ms  DeleteObjects: 0.030800 ms)

========================================================================
Received Prepare
Registering precompiled user dll's ...
Registered in 0.000594 seconds.
Begin MonoManager ReloadAssembly
Native extension for WindowsStandalone target not found
Refreshing native plugins compatible for Editor in 0.18 ms, found 0 plugins.
Preloading 0 native plugins for Editor in 0.00 ms.
Invoked RoslynAnalysisRunner static constructor.
RoslynAnalysisRunner will not be running.
RoslynAnalysisRunner has terminated.
Mono: successfully reloaded assembly
- Completed reload, in  0.617 seconds
Platform modules already initialized, skipping
Refreshing native plugins compatible for Editor in 0.21 ms, found 0 plugins.
Preloading 0 native plugins for Editor in 0.00 ms.
Unloading 1128 Unused Serialized files (Serialized files now loaded: 0)
System memory in use before: 62.1 MB.
System memory in use after: 62.1 MB.

Unloading 5 unused Assets to reduce memory usage. Loaded Objects now: 1672.
Total: 1.810800 ms (FindLiveObjects: 0.163400 ms CreateObjectMapping: 0.033000 ms MarkObjects: 1.575000 ms  DeleteObjects: 0.038300 ms)

========================================================================
Received Prepare
Registering precompiled user dll's ...
Registered in 0.000587 seconds.
Begin MonoManager ReloadAssembly
Native extension for WindowsStandalone target not found
Refreshing native plugins compatible for Editor in 0.21 ms, found 0 plugins.
Preloading 0 native plugins for Editor in 0.00 ms.
Invoked RoslynAnalysisRunner static constructor.
RoslynAnalysisRunner will not be running.
RoslynAnalysisRunner has terminated.
Mono: successfully reloaded assembly
- Completed reload, in  0.629 seconds
Platform modules already initialized, skipping
Refreshing native plugins compatible for Editor in 0.18 ms, found 0 plugins.
Preloading 0 native plugins for Editor in 0.00 ms.
Unloading 1128 Unused Serialized files (Serialized files now loaded: 0)
System memory in use before: 62.1 MB.
System memory in use after: 62.2 MB.

Unloading 5 unused Assets to reduce memory usage. Loaded Objects now: 1674.
Total: 1.624700 ms (FindLiveObjects: 0.139500 ms CreateObjectMapping: 0.035500 ms MarkObjects: 1.394500 ms  DeleteObjects: 0.054400 ms)

========================================================================
Received Prepare
Registering precompiled user dll's ...
Registered in 0.000538 seconds.
Begin MonoManager ReloadAssembly
Native extension for WindowsStandalone target not found
Refreshing native plugins compatible for Editor in 0.20 ms, found 0 plugins.
Preloading 0 native plugins for Editor in 0.00 ms.
Invoked RoslynAnalysisRunner static constructor.
RoslynAnalysisRunner will not be running.
RoslynAnalysisRunner has terminated.
Mono: successfully reloaded assembly
- Completed reload, in  0.614 seconds
Platform modules already initialized, skipping
Refreshing native plugins compatible for Editor in 0.16 ms, found 0 plugins.
Preloading 0 native plugins for Editor in 0.00 ms.
Unloading 1128 Unused Serialized files (Serialized files now loaded: 0)
System memory in use before: 62.2 MB.
System memory in use after: 62.3 MB.

Unloading 5 unused Assets to reduce memory usage. Loaded Objects now: 1676.
Total: 1.416200 ms (FindLiveObjects: 0.132900 ms CreateObjectMapping: 0.035500 ms MarkObjects: 1.161600 ms  DeleteObjects: 0.085000 ms)

========================================================================
Received Import Request.
  Time since last request: 3362.641018 seconds.
  path: Assets/Scripts/RepeatingBackground.cs
  artifactKey: Guid(025bb6a264f746e428cad61c9d2c95a4) Importer(815301076,1909f56bfc062723c751e8b465ee728b)
Start importing Assets/Scripts/RepeatingBackground.cs using Guid(025bb6a264f746e428cad61c9d2c95a4) Importer(815301076,1909f56bfc062723c751e8b465ee728b)  -> (artifact id: '1c9448049d5575899ade10bd03002905') in 0.003933 seconds
  Import took 0.005382 seconds .

========================================================================
Received Import Request.
  Time since last request: 16.393561 seconds.
  path: Assets/Scripts/Column.cs
  artifactKey: Guid(4e8b09746ab8e5942a4585b8c005fdcf) Importer(815301076,1909f56bfc062723c751e8b465ee728b)
Start importing Assets/Scripts/Column.cs using Guid(4e8b09746ab8e5942a4585b8c005fdcf) Importer(815301076,1909f56bfc062723c751e8b465ee728b)  -> (artifact id: '3e47187cf10e3f050fca33f4a372f9ff') in 0.002756 seconds
  Import took 0.004759 seconds .

========================================================================
Received Import Request.
  Time since last request: 0.000694 seconds.
  path: Assets/Scripts/Column.cs
  artifactKey: Guid(4e8b09746ab8e5942a4585b8c005fdcf) Importer(815301076,1909f56bfc062723c751e8b465ee728b)
Start importing Assets/Scripts/Column.cs using Guid(4e8b09746ab8e5942a4585b8c005fdcf) Importer(815301076,1909f56bfc062723c751e8b465ee728b)  -> (artifact id: '3e47187cf10e3f050fca33f4a372f9ff') in 0.002828 seconds
  Import took 0.004583 seconds .

========================================================================
Received Import Request.
  Time since last request: 12.377511 seconds.
  path: Assets/Scripts/ScrollingObject.cs
  artifactKey: Guid(a924bc5d98a8dee45823565d33e859ac) Importer(815301076,1909f56bfc062723c751e8b465ee728b)
Start importing Assets/Scripts/ScrollingObject.cs using Guid(a924bc5d98a8dee45823565d33e859ac) Importer(815301076,1909f56bfc062723c751e8b465ee728b)  -> (artifact id: '516b5ef85b2cf4d06ba1ffd8164ea7ed') in 0.002218 seconds
  Import took 0.004445 seconds .

========================================================================
Received Import Request.
  Time since last request: 0.000971 seconds.
  path: Assets/Scripts/ScrollingObject.cs
  artifactKey: Guid(a924bc5d98a8dee45823565d33e859ac) Importer(815301076,1909f56bfc062723c751e8b465ee728b)
Start importing Assets/Scripts/ScrollingObject.cs using Guid(a924bc5d98a8dee45823565d33e859ac) Importer(815301076,1909f56bfc062723c751e8b465ee728b)  -> (artifact id: '516b5ef85b2cf4d06ba1ffd8164ea7ed') in 0.002302 seconds
  Import took 0.003953 seconds .

========================================================================
Received Prepare
Registering precompiled user dll's ...
Registered in 0.000559 seconds.
Begin MonoManager ReloadAssembly
Native extension for WindowsStandalone target not found
Refreshing native plugins compatible for Editor in 0.32 ms, found 0 plugins.
Preloading 0 native plugins for Editor in 0.00 ms.
Invoked RoslynAnalysisRunner static constructor.
RoslynAnalysisRunner will not be running.
RoslynAnalysisRunner has terminated.
Mono: successfully reloaded assembly
- Completed reload, in  0.612 seconds
Platform modules already initialized, skipping
Refreshing native plugins compatible for Editor in 0.18 ms, found 0 plugins.
Preloading 0 native plugins for Editor in 0.00 ms.
Unloading 1128 Unused Serialized files (Serialized files now loaded: 0)
System memory in use before: 62.3 MB.
System memory in use after: 62.4 MB.

Unloading 5 unused Assets to reduce memory usage. Loaded Objects now: 1678.
Total: 1.235300 ms (FindLiveObjects: 0.126700 ms CreateObjectMapping: 0.034400 ms MarkObjects: 1.045300 ms  DeleteObjects: 0.028400 ms)

========================================================================
Received Prepare
Registering precompiled user dll's ...
Registered in 0.000712 seconds.
Begin MonoManager ReloadAssembly
Native extension for WindowsStandalone target not found
Refreshing native plugins compatible for Editor in 0.18 ms, found 0 plugins.
Preloading 0 native plugins for Editor in 0.00 ms.
Invoked RoslynAnalysisRunner static constructor.
RoslynAnalysisRunner will not be running.
RoslynAnalysisRunner has terminated.
Mono: successfully reloaded assembly
- Completed reload, in  0.587 seconds
Platform modules already initialized, skipping
Refreshing native plugins compatible for Editor in 0.19 ms, found 0 plugins.
Preloading 0 native plugins for Editor in 0.00 ms.
Unloading 1128 Unused Serialized files (Serialized files now loaded: 0)
System memory in use before: 62.4 MB.
System memory in use after: 62.4 MB.

Unloading 5 unused Assets to reduce memory usage. Loaded Objects now: 1680.
Total: 1.247800 ms (FindLiveObjects: 0.141300 ms CreateObjectMapping: 0.030100 ms MarkObjects: 1.046700 ms  DeleteObjects: 0.029000 ms)

========================================================================
Received Import Request.
  Time since last request: 238.997205 seconds.
  path: Assets/Prefabs
  artifactKey: Guid(c42fa0b1d8076214690963b126ba1ae6) Importer(815301076,1909f56bfc062723c751e8b465ee728b)
Start importing Assets/Prefabs using Guid(c42fa0b1d8076214690963b126ba1ae6) Importer(815301076,1909f56bfc062723c751e8b465ee728b)  -> (artifact id: '2f5d3f4f0d593334fcb2a0d6908cb6ca') in 0.005494 seconds
  Import took 0.016357 seconds .

========================================================================
Received Import Request.
  Time since last request: 10.444183 seconds.
  path: Assets/Prefabs/Columns.prefab
  artifactKey: Guid(6443ee76a31a9d048906288ac6be2299) Importer(815301076,1909f56bfc062723c751e8b465ee728b)
Start importing Assets/Prefabs/Columns.prefab using Guid(6443ee76a31a9d048906288ac6be2299) Importer(815301076,1909f56bfc062723c751e8b465ee728b)  -> (artifact id: '830bc579f5f7eaab01cdafe5617d803d') in 0.068908 seconds
  Import took 0.070895 seconds .

========================================================================
Received Prepare
Registering precompiled user dll's ...
Registered in 0.000579 seconds.
Begin MonoManager ReloadAssembly
Native extension for WindowsStandalone target not found
Refreshing native plugins compatible for Editor in 0.18 ms, found 0 plugins.
Preloading 0 native plugins for Editor in 0.00 ms.
Invoked RoslynAnalysisRunner static constructor.
RoslynAnalysisRunner will not be running.
RoslynAnalysisRunner has terminated.
Mono: successfully reloaded assembly
- Completed reload, in  0.627 seconds
Platform modules already initialized, skipping
Refreshing native plugins compatible for Editor in 0.18 ms, found 0 plugins.
Preloading 0 native plugins for Editor in 0.00 ms.
Unloading 1129 Unused Serialized files (Serialized files now loaded: 0)
System memory in use before: 62.5 MB.
System memory in use after: 62.6 MB.

Unloading 5 unused Assets to reduce memory usage. Loaded Objects now: 1684.
Total: 1.469100 ms (FindLiveObjects: 0.154900 ms CreateObjectMapping: 0.032500 ms MarkObjects: 1.248000 ms  DeleteObjects: 0.032600 ms)

========================================================================
Received Prepare
Registering precompiled user dll's ...
Registered in 0.000498 seconds.
Begin MonoManager ReloadAssembly
Native extension for WindowsStandalone target not found
Refreshing native plugins compatible for Editor in 0.18 ms, found 0 plugins.
Preloading 0 native plugins for Editor in 0.00 ms.
Invoked RoslynAnalysisRunner static constructor.
RoslynAnalysisRunner will not be running.
RoslynAnalysisRunner has terminated.
Mono: successfully reloaded assembly
- Completed reload, in  0.617 seconds
Platform modules already initialized, skipping
Refreshing native plugins compatible for Editor in 0.18 ms, found 0 plugins.
Preloading 0 native plugins for Editor in 0.00 ms.
Unloading 1129 Unused Serialized files (Serialized files now loaded: 0)
System memory in use before: 62.6 MB.
System memory in use after: 62.7 MB.

Unloading 5 unused Assets to reduce memory usage. Loaded Objects now: 1686.
Total: 1.354300 ms (FindLiveObjects: 0.134300 ms CreateObjectMapping: 0.037400 ms MarkObjects: 1.115600 ms  DeleteObjects: 0.066300 ms)

========================================================================
Received Import Request.
  Time since last request: 154.523798 seconds.
  path: Assets/Scripts/ColumnPool.cs
  artifactKey: Guid(c5fc0dd972286684aba2c8cec2f73c77) Importer(815301076,1909f56bfc062723c751e8b465ee728b)
Start importing Assets/Scripts/ColumnPool.cs using Guid(c5fc0dd972286684aba2c8cec2f73c77) Importer(815301076,1909f56bfc062723c751e8b465ee728b)  -> (artifact id: '9a84a52d5a1ab4e468ebd501bee2171f') in 0.004471 seconds
  Import took 0.006460 seconds .

========================================================================
Received Prepare
Registering precompiled user dll's ...
Registered in 0.000614 seconds.
Begin MonoManager ReloadAssembly
Native extension for WindowsStandalone target not found
Refreshing native plugins compatible for Editor in 0.18 ms, found 0 plugins.
Preloading 0 native plugins for Editor in 0.00 ms.
Invoked RoslynAnalysisRunner static constructor.
RoslynAnalysisRunner will not be running.
RoslynAnalysisRunner has terminated.
Mono: successfully reloaded assembly
- Completed reload, in  0.624 seconds
Platform modules already initialized, skipping
Refreshing native plugins compatible for Editor in 0.18 ms, found 0 plugins.
Preloading 0 native plugins for Editor in 0.00 ms.
Unloading 1129 Unused Serialized files (Serialized files now loaded: 0)
System memory in use before: 62.6 MB.
System memory in use after: 62.7 MB.

Unloading 5 unused Assets to reduce memory usage. Loaded Objects now: 1688.
Total: 1.348600 ms (FindLiveObjects: 0.153700 ms CreateObjectMapping: 0.031100 ms MarkObjects: 1.110400 ms  DeleteObjects: 0.052700 ms)

========================================================================
Received Import Request.
  Time since last request: 339.910600 seconds.
  path: Assets/Scripts/ColumnPool.cs
  artifactKey: Guid(c5fc0dd972286684aba2c8cec2f73c77) Importer(815301076,1909f56bfc062723c751e8b465ee728b)
Start importing Assets/Scripts/ColumnPool.cs using Guid(c5fc0dd972286684aba2c8cec2f73c77) Importer(815301076,1909f56bfc062723c751e8b465ee728b)  -> (artifact id: '47d986cf753627c1e38a3d78258b023b') in 0.003602 seconds
  Import took 0.005030 seconds .

========================================================================
Received Prepare
Registering precompiled user dll's ...
Registered in 0.000684 seconds.
Begin MonoManager ReloadAssembly
Native extension for WindowsStandalone target not found
Refreshing native plugins compatible for Editor in 0.18 ms, found 0 plugins.
Preloading 0 native plugins for Editor in 0.00 ms.
Invoked RoslynAnalysisRunner static constructor.
RoslynAnalysisRunner will not be running.
RoslynAnalysisRunner has terminated.
Mono: successfully reloaded assembly
- Completed reload, in  0.593 seconds
Platform modules already initialized, skipping
Refreshing native plugins compatible for Editor in 0.17 ms, found 0 plugins.
Preloading 0 native plugins for Editor in 0.00 ms.
Unloading 1129 Unused Serialized files (Serialized files now loaded: 0)
System memory in use before: 62.7 MB.
System memory in use after: 62.8 MB.

Unloading 5 unused Assets to reduce memory usage. Loaded Objects now: 1690.
Total: 1.342000 ms (FindLiveObjects: 0.139800 ms CreateObjectMapping: 0.031800 ms MarkObjects: 1.095600 ms  DeleteObjects: 0.074000 ms)

========================================================================
Received Prepare
Registering precompiled user dll's ...
Registered in 0.000576 seconds.
Begin MonoManager ReloadAssembly
Native extension for WindowsStandalone target not found
Refreshing native plugins compatible for Editor in 0.21 ms, found 0 plugins.
Preloading 0 native plugins for Editor in 0.00 ms.
Invoked RoslynAnalysisRunner static constructor.
RoslynAnalysisRunner will not be running.
RoslynAnalysisRunner has terminated.
Mono: successfully reloaded assembly
- Completed reload, in  0.606 seconds
Platform modules already initialized, skipping
Refreshing native plugins compatible for Editor in 0.17 ms, found 0 plugins.
Preloading 0 native plugins for Editor in 0.00 ms.
Unloading 1129 Unused Serialized files (Serialized files now loaded: 0)
System memory in use before: 61.8 MB.
System memory in use after: 61.9 MB.

Unloading 5 unused Assets to reduce memory usage. Loaded Objects now: 1692.
Total: 1.474500 ms (FindLiveObjects: 0.132700 ms CreateObjectMapping: 0.031100 ms MarkObjects: 1.275900 ms  DeleteObjects: 0.034100 ms)

========================================================================
Received Prepare
Registering precompiled user dll's ...
Registered in 0.000520 seconds.
Begin MonoManager ReloadAssembly
Native extension for WindowsStandalone target not found
Refreshing native plugins compatible for Editor in 0.41 ms, found 0 plugins.
Preloading 0 native plugins for Editor in 0.00 ms.
Invoked RoslynAnalysisRunner static constructor.
RoslynAnalysisRunner will not be running.
RoslynAnalysisRunner has terminated.
Mono: successfully reloaded assembly
- Completed reload, in  0.621 seconds
Platform modules already initialized, skipping
Refreshing native plugins compatible for Editor in 0.18 ms, found 0 plugins.
Preloading 0 native plugins for Editor in 0.00 ms.
Unloading 1129 Unused Serialized files (Serialized files now loaded: 0)
System memory in use before: 61.9 MB.
System memory in use after: 62.0 MB.

Unloading 5 unused Assets to reduce memory usage. Loaded Objects now: 1694.
Total: 1.541400 ms (FindLiveObjects: 0.156300 ms CreateObjectMapping: 0.045500 ms MarkObjects: 1.267200 ms  DeleteObjects: 0.071300 ms)

========================================================================
Received Prepare
Registering precompiled user dll's ...
Registered in 0.000545 seconds.
Begin MonoManager ReloadAssembly
Native extension for WindowsStandalone target not found
Refreshing native plugins compatible for Editor in 0.22 ms, found 0 plugins.
Preloading 0 native plugins for Editor in 0.00 ms.
Invoked RoslynAnalysisRunner static constructor.
RoslynAnalysisRunner will not be running.
RoslynAnalysisRunner has terminated.
Mono: successfully reloaded assembly
- Completed reload, in  0.636 seconds
Platform modules already initialized, skipping
Refreshing native plugins compatible for Editor in 0.18 ms, found 0 plugins.
Preloading 0 native plugins for Editor in 0.00 ms.
Unloading 1129 Unused Serialized files (Serialized files now loaded: 0)
System memory in use before: 62.0 MB.
System memory in use after: 62.1 MB.

Unloading 5 unused Assets to reduce memory usage. Loaded Objects now: 1696.
Total: 1.480800 ms (FindLiveObjects: 0.184200 ms CreateObjectMapping: 0.048700 ms MarkObjects: 1.194400 ms  DeleteObjects: 0.052800 ms)

========================================================================
Received Import Request.
  Time since last request: 2831.328736 seconds.
  path: Assets/Sprites/BirdHero.png
  artifactKey: Guid(86ef0f8364b944543b7fe5a906ec28ae) Importer(815301076,1909f56bfc062723c751e8b465ee728b)
Start importing Assets/Sprites/BirdHero.png using Guid(86ef0f8364b944543b7fe5a906ec28ae) Importer(815301076,1909f56bfc062723c751e8b465ee728b)  -> (artifact id: '0949b79383e8b95b009e52a3c42022cb') in 0.058175 seconds
  Import took 0.060487 seconds .

========================================================================
Received Prepare
Registering precompiled user dll's ...
Registered in 0.000640 seconds.
Begin MonoManager ReloadAssembly
Native extension for WindowsStandalone target not found
Refreshing native plugins compatible for Editor in 0.19 ms, found 0 plugins.
Preloading 0 native plugins for Editor in 0.00 ms.
Invoked RoslynAnalysisRunner static constructor.
RoslynAnalysisRunner will not be running.
RoslynAnalysisRunner has terminated.
Mono: successfully reloaded assembly
- Completed reload, in  0.671 seconds
Platform modules already initialized, skipping
Refreshing native plugins compatible for Editor in 0.19 ms, found 0 plugins.
Preloading 0 native plugins for Editor in 0.00 ms.
Unloading 1129 Unused Serialized files (Serialized files now loaded: 0)
System memory in use before: 62.1 MB.
System memory in use after: 62.1 MB.

Unloading 5 unused Assets to reduce memory usage. Loaded Objects now: 1699.
Total: 1.364200 ms (FindLiveObjects: 0.123400 ms CreateObjectMapping: 0.033600 ms MarkObjects: 1.133400 ms  DeleteObjects: 0.073100 ms)

========================================================================
Received Import Request.
  Time since last request: 2115.859853 seconds.
  path: Assets/Sprites/ColumnSprite.png
  artifactKey: Guid(2a983bf9bccb65f46b66863f25147d0e) Importer(815301076,1909f56bfc062723c751e8b465ee728b)
Start importing Assets/Sprites/ColumnSprite.png using Guid(2a983bf9bccb65f46b66863f25147d0e) Importer(815301076,1909f56bfc062723c751e8b465ee728b)  -> (artifact id: '4b041896bd814ac307649853a8221e60') in 0.047769 seconds
  Import took 0.049670 seconds .

========================================================================
Received Import Request.
  Time since last request: 653.033679 seconds.
  path: Assets/Sprites/GrassThinSprite.png
  artifactKey: Guid(3aca1545a04fd3c4e84968ae38280b25) Importer(815301076,1909f56bfc062723c751e8b465ee728b)
Start importing Assets/Sprites/GrassThinSprite.png using Guid(3aca1545a04fd3c4e84968ae38280b25) Importer(815301076,1909f56bfc062723c751e8b465ee728b)  -> (artifact id: '97168705ea8cc41036b58f2a6cbddf7e') in 0.015337 seconds
  Import took 0.017734 seconds .

========================================================================
Received Import Request.
  Time since last request: 248.577422 seconds.
  path: Assets/Sprites/SkyTileSprite.png
  artifactKey: Guid(76bb6968fbe820d4499d455ca3ed0875) Importer(815301076,1909f56bfc062723c751e8b465ee728b)
Start importing Assets/Sprites/SkyTileSprite.png using Guid(76bb6968fbe820d4499d455ca3ed0875) Importer(815301076,1909f56bfc062723c751e8b465ee728b)  -> (artifact id: '718482b994e8eb7f229c537a37bf160b') in 0.016486 seconds
  Import took 0.018953 seconds .

========================================================================
Received Import Request.
  Time since last request: 187.458711 seconds.
  path: Assets/Fonts
  artifactKey: Guid(4d3bc4f3b67b614458a63d8be54eeb1d) Importer(815301076,1909f56bfc062723c751e8b465ee728b)
Start importing Assets/Fonts using Guid(4d3bc4f3b67b614458a63d8be54eeb1d) Importer(815301076,1909f56bfc062723c751e8b465ee728b)  -> (artifact id: 'dbdfa9f2eddd5b7de8d3ce4caf6e3562') in 0.003195 seconds
  Import took 0.005167 seconds .

========================================================================
Received Import Request.
  Time since last request: 2.434195 seconds.
  path: Assets/Thaleah_PixelFont
  artifactKey: Guid(f836132c8b695fe4cb1c877642a74391) Importer(815301076,1909f56bfc062723c751e8b465ee728b)
Start importing Assets/Thaleah_PixelFont using Guid(f836132c8b695fe4cb1c877642a74391) Importer(815301076,1909f56bfc062723c751e8b465ee728b)  -> (artifact id: '358c4a59578969d1984f5340c80a137a') in 0.002506 seconds
  Import took 0.004534 seconds .

========================================================================
Received Import Request.
  Time since last request: 0.090651 seconds.
  path: Assets/Thaleah_PixelFont/ThaleahFat.fontsettings
  artifactKey: Guid(652f7165b7c30ab46af6c4aad90a639b) Importer(815301076,1909f56bfc062723c751e8b465ee728b)
Start importing Assets/Thaleah_PixelFont/ThaleahFat.fontsettings using Guid(652f7165b7c30ab46af6c4aad90a639b) Importer(815301076,1909f56bfc062723c751e8b465ee728b)  -> (artifact id: 'ae1799b2db2f577bd3896c62811f8c85') in 0.004185 seconds
  Import took 0.005855 seconds .

========================================================================
Received Import Request.
  Time since last request: 9.598215 seconds.
  path: Assets/Thaleah_PixelFont/Materials/ThaleahFat_TTF.ttf
  artifactKey: Guid(585188cdc4600544eb408bee749e4b3a) Importer(815301076,1909f56bfc062723c751e8b465ee728b)
Start importing Assets/Thaleah_PixelFont/Materials/ThaleahFat_TTF.ttf using Guid(585188cdc4600544eb408bee749e4b3a) Importer(815301076,1909f56bfc062723c751e8b465ee728b)  -> (artifact id: '7567e4dfa2f10b053444ab88a2aebf65') in 0.035997 seconds
  Import took 0.038337 seconds .

========================================================================
Received Import Request.
  Time since last request: 0.001702 seconds.
  path: Assets/Thaleah_PixelFont/Materials/ThaleahFat_TTF.ttf
  artifactKey: Guid(585188cdc4600544eb408bee749e4b3a) Importer(815301076,1909f56bfc062723c751e8b465ee728b)
Start importing Assets/Thaleah_PixelFont/Materials/ThaleahFat_TTF.ttf using Guid(585188cdc4600544eb408bee749e4b3a) Importer(815301076,1909f56bfc062723c751e8b465ee728b)  -> (artifact id: '7567e4dfa2f10b053444ab88a2aebf65') in 0.012473 seconds
  Import took 0.014529 seconds .

========================================================================
Received Prepare
Registering precompiled user dll's ...
Registered in 0.000540 seconds.
Begin MonoManager ReloadAssembly
Native extension for WindowsStandalone target not found
Refreshing native plugins compatible for Editor in 0.24 ms, found 0 plugins.
Preloading 0 native plugins for Editor in 0.00 ms.
Invoked RoslynAnalysisRunner static constructor.
RoslynAnalysisRunner will not be running.
RoslynAnalysisRunner has terminated.
Mono: successfully reloaded assembly
- Completed reload, in  0.614 seconds
Platform modules already initialized, skipping
Refreshing native plugins compatible for Editor in 0.19 ms, found 0 plugins.
Preloading 0 native plugins for Editor in 0.00 ms.
Unloading 1129 Unused Serialized files (Serialized files now loaded: 0)
System memory in use before: 62.2 MB.
System memory in use after: 62.2 MB.

Unloading 5 unused Assets to reduce memory usage. Loaded Objects now: 1703.
Total: 1.542500 ms (FindLiveObjects: 0.158500 ms CreateObjectMapping: 0.028600 ms MarkObjects: 1.323500 ms  DeleteObjects: 0.031200 ms)

